FrontEnd/daeun/test/app/build/intermediates/manifest_merge_blame_file/debug/manifest-merger-blame-debug-report.txt
1<?xml version="1.0" encoding="utf-8"?>
2<manifest xmlns:android="http://schemas.android.com/apk/res/android"
3    package="com.example.googlelogin"
4    android:versionCode="1"
5    android:versionName="1.0" >
6
7    <uses-sdk
8        android:minSdkVersion="21"
8-->src\main\AndroidManifest.xml
9        android:targetSdkVersion="32" />
9-->src\main\AndroidManifest.xml
10
11    <uses-permission android:name="android.permission.INTERNET" />
11-->src\main\AndroidManifest.xml:6:5-67
11-->src\main\AndroidManifest.xml:6:22-64
12    <uses-permission android:name="android.permission.ACCESS_NETWORK_STATE" />
12-->[com.google.firebase:firebase-auth:21.0.6] AndroidManifest.xml:24:5-79
12-->[com.google.firebase:firebase-auth:21.0.6] AndroidManifest.xml:24:22-76
13
14    <application
14-->src\main\AndroidManifest.xml:8:5-30:19
15        android:allowBackup="true"
15-->src\main\AndroidManifest.xml:9:9-35
16        android:appComponentFactory="androidx.core.app.CoreComponentFactory"
16-->[androidx.core:core:1.7.0] AndroidManifest.xml:24:18-86
17        android:dataExtractionRules="@xml/data_extraction_rules"
17-->src\main\AndroidManifest.xml:10:9-65
18        android:debuggable="true"
19        android:fullBackupContent="@xml/backup_rules"
19-->src\main\AndroidManifest.xml:11:9-54
20        android:icon="@mipmap/ic_launcher"
20-->src\main\AndroidManifest.xml:12:9-43
21        android:label="@string/app_name"
21-->src\main\AndroidManifest.xml:13:9-41
22        android:roundIcon="@mipmap/ic_launcher_round"
22-->src\main\AndroidManifest.xml:14:9-54
23        android:supportsRtl="true"
23-->src\main\AndroidManifest.xml:15:9-35
24        android:testOnly="true"
25        android:theme="@style/Theme.Googlelogin" >
25-->src\main\AndroidManifest.xml:16:9-49
26        <activity
26-->src\main\AndroidManifest.xml:18:9-20:40
27            android:name="com.example.googlelogin.GoogleSignInactivity"
27-->src\main\AndroidManifest.xml:19:13-49
28            android:exported="false" />
28-->src\main\AndroidManifest.xml:20:13-37
29        <activity
29-->src\main\AndroidManifest.xml:21:9-29:20
30            android:name="com.example.googlelogin.MainActivity"
30-->src\main\AndroidManifest.xml:22:13-41
31            android:exported="true" >
31-->src\main\AndroidManifest.xml:23:13-36
32            <intent-filter>
32-->src\main\AndroidManifest.xml:24:13-28:29
33                <action android:name="android.intent.action.MAIN" />
33-->src\main\AndroidManifest.xml:25:17-69
33-->src\main\AndroidManifest.xml:25:25-66
34
35                <category android:name="android.intent.category.LAUNCHER" />
35-->src\main\AndroidManifest.xml:27:17-77
35-->src\main\AndroidManifest.xml:27:27-74
36            </intent-filter>
37        </activity>
38
39        <service
39-->[com.google.firebase:firebase-auth-ktx:21.0.6] AndroidManifest.xml:8:9-14:19
40            android:name="com.google.firebase.components.ComponentDiscoveryService"
40-->[com.google.firebase:firebase-auth-ktx:21.0.6] AndroidManifest.xml:9:13-84
41            android:directBootAware="true"
41-->[com.google.firebase:firebase-common:20.1.1] AndroidManifest.xml:35:13-43
42            android:exported="false" >
42-->[com.google.firebase:firebase-auth-ktx:21.0.6] AndroidManifest.xml:10:13-37
43            <meta-data
43-->[com.google.firebase:firebase-auth-ktx:21.0.6] AndroidManifest.xml:11:13-13:85
44                android:name="com.google.firebase.components:com.google.firebase.auth.ktx.FirebaseAuthKtxRegistrar"
44-->[com.google.firebase:firebase-auth-ktx:21.0.6] AndroidManifest.xml:12:17-116
45                android:value="com.google.firebase.components.ComponentRegistrar" />
45-->[com.google.firebase:firebase-auth-ktx:21.0.6] AndroidManifest.xml:13:17-82
46            <meta-data
46-->[com.google.firebase:firebase-auth:21.0.6] AndroidManifest.xml:67:13-69:85
47                android:name="com.google.firebase.components:com.google.firebase.auth.FirebaseAuthRegistrar"
47-->[com.google.firebase:firebase-auth:21.0.6] AndroidManifest.xml:68:17-109
48                android:value="com.google.firebase.components.ComponentRegistrar" />
48-->[com.google.firebase:firebase-auth:21.0.6] AndroidManifest.xml:69:17-82
49            <meta-data
49-->[com.google.firebase:firebase-common-ktx:20.1.1] AndroidManifest.xml:15:13-17:85
50                android:name="com.google.firebase.components:com.google.firebase.ktx.FirebaseCommonKtxRegistrar"
50-->[com.google.firebase:firebase-common-ktx:20.1.1] AndroidManifest.xml:16:17-113
51                android:value="com.google.firebase.components.ComponentRegistrar" />
51-->[com.google.firebase:firebase-common-ktx:20.1.1] AndroidManifest.xml:17:17-82
52        </service>
53
54        <activity
54-->[com.google.android.gms:play-services-auth:20.2.0] AndroidManifest.xml:23:9-27:75
55            android:name="com.google.android.gms.auth.api.signin.internal.SignInHubActivity"
55-->[com.google.android.gms:play-services-auth:20.2.0] AndroidManifest.xml:24:13-93
56            android:excludeFromRecents="true"
56-->[com.google.android.gms:play-services-auth:20.2.0] AndroidManifest.xml:25:13-46
57            android:exported="false"
57-->[com.google.android.gms:play-services-auth:20.2.0] AndroidManifest.xml:26:13-37
58            android:theme="@android:style/Theme.Translucent.NoTitleBar" />
58-->[com.google.android.gms:play-services-auth:20.2.0] AndroidManifest.xml:27:13-72
59        <!--
60            Service handling Google Sign-In user revocation. For apps that do not integrate with
61            Google Sign-In, this service will never be started.
62        -->
63        <service
63-->[com.google.android.gms:play-services-auth:20.2.0] AndroidManifest.xml:33:9-37:51
64            android:name="com.google.android.gms.auth.api.signin.RevocationBoundService"
64-->[com.google.android.gms:play-services-auth:20.2.0] AndroidManifest.xml:34:13-89
65            android:exported="true"
65-->[com.google.android.gms:play-services-auth:20.2.0] AndroidManifest.xml:35:13-36
66            android:permission="com.google.android.gms.auth.api.signin.permission.REVOCATION_NOTIFICATION"
66-->[com.google.android.gms:play-services-auth:20.2.0] AndroidManifest.xml:36:13-107
67            android:visibleToInstantApps="true" />
67-->[com.google.android.gms:play-services-auth:20.2.0] AndroidManifest.xml:37:13-48
68
69        <activity
69-->[com.google.firebase:firebase-auth:21.0.6] AndroidManifest.xml:27:9-44:20
70            android:name="com.google.firebase.auth.internal.GenericIdpActivity"
70-->[com.google.firebase:firebase-auth:21.0.6] AndroidManifest.xml:28:13-80
71            android:excludeFromRecents="true"
71-->[com.google.firebase:firebase-auth:21.0.6] AndroidManifest.xml:29:13-46
72            android:exported="true"
72-->[com.google.firebase:firebase-auth:21.0.6] AndroidManifest.xml:30:13-36
73            android:launchMode="singleTask"
73-->[com.google.firebase:firebase-auth:21.0.6] AndroidManifest.xml:31:13-44
74            android:theme="@android:style/Theme.Translucent.NoTitleBar" >
74-->[com.google.firebase:firebase-auth:21.0.6] AndroidManifest.xml:32:13-72
75            <intent-filter>
75-->[com.google.firebase:firebase-auth:21.0.6] AndroidManifest.xml:33:13-43:29
76                <action android:name="android.intent.action.VIEW" />
76-->[com.google.firebase:firebase-auth:21.0.6] AndroidManifest.xml:34:17-69
76-->[com.google.firebase:firebase-auth:21.0.6] AndroidManifest.xml:34:25-66
77
78                <category android:name="android.intent.category.DEFAULT" />
78-->[com.google.firebase:firebase-auth:21.0.6] AndroidManifest.xml:36:17-76
78-->[com.google.firebase:firebase-auth:21.0.6] AndroidManifest.xml:36:27-73
79                <category android:name="android.intent.category.BROWSABLE" />
79-->[com.google.firebase:firebase-auth:21.0.6] AndroidManifest.xml:37:17-78
79-->[com.google.firebase:firebase-auth:21.0.6] AndroidManifest.xml:37:27-75
80
81                <data
81-->[com.google.firebase:firebase-auth:21.0.6] AndroidManifest.xml:39:17-42:51
82                    android:host="firebase.auth"
82-->[com.google.firebase:firebase-auth:21.0.6] AndroidManifest.xml:40:21-49
83                    android:path="/"
83-->[com.google.firebase:firebase-auth:21.0.6] AndroidManifest.xml:41:21-37
84                    android:scheme="genericidp" />
84-->[com.google.firebase:firebase-auth:21.0.6] AndroidManifest.xml:42:21-48
85            </intent-filter>
86        </activity>
87        <activity
87-->[com.google.firebase:firebase-auth:21.0.6] AndroidManifest.xml:45:9-62:20
88            android:name="com.google.firebase.auth.internal.RecaptchaActivity"
88-->[com.google.firebase:firebase-auth:21.0.6] AndroidManifest.xml:46:13-79
89            android:excludeFromRecents="true"
89-->[com.google.firebase:firebase-auth:21.0.6] AndroidManifest.xml:47:13-46
90            android:exported="true"
90-->[com.google.firebase:firebase-auth:21.0.6] AndroidManifest.xml:48:13-36
91            android:launchMode="singleTask"
91-->[com.google.firebase:firebase-auth:21.0.6] AndroidManifest.xml:49:13-44
92            android:theme="@android:style/Theme.Translucent.NoTitleBar" >
92-->[com.google.firebase:firebase-auth:21.0.6] AndroidManifest.xml:50:13-72
93            <intent-filter>
93-->[com.google.firebase:firebase-auth:21.0.6] AndroidManifest.xml:51:13-61:29
94                <action android:name="android.intent.action.VIEW" />
94-->[com.google.firebase:firebase-auth:21.0.6] AndroidManifest.xml:34:17-69
94-->[com.google.firebase:firebase-auth:21.0.6] AndroidManifest.xml:34:25-66
95
96                <category android:name="android.intent.category.DEFAULT" />
96-->[com.google.firebase:firebase-auth:21.0.6] AndroidManifest.xml:36:17-76
96-->[com.google.firebase:firebase-auth:21.0.6] AndroidManifest.xml:36:27-73
97                <category android:name="android.intent.category.BROWSABLE" />
97-->[com.google.firebase:firebase-auth:21.0.6] AndroidManifest.xml:37:17-78
97-->[com.google.firebase:firebase-auth:21.0.6] AndroidManifest.xml:37:27-75
98
99                <data
99-->[com.google.firebase:firebase-auth:21.0.6] AndroidManifest.xml:39:17-42:51
100                    android:host="firebase.auth"
100-->[com.google.firebase:firebase-auth:21.0.6] AndroidManifest.xml:40:21-49
101                    android:path="/"
101-->[com.google.firebase:firebase-auth:21.0.6] AndroidManifest.xml:41:21-37
102                    android:scheme="recaptcha" />
102-->[com.google.firebase:firebase-auth:21.0.6] AndroidManifest.xml:42:21-48
103            </intent-filter>
104        </activity>
105
106        <provider
106-->[com.google.firebase:firebase-common:20.1.1] AndroidManifest.xml:26:9-31:39
107            android:name="com.google.firebase.provider.FirebaseInitProvider"
107-->[com.google.firebase:firebase-common:20.1.1] AndroidManifest.xml:27:13-77
108            android:authorities="com.example.googlelogin.firebaseinitprovider"
108-->[com.google.firebase:firebase-common:20.1.1] AndroidManifest.xml:28:13-72
109            android:directBootAware="true"
109-->[com.google.firebase:firebase-common:20.1.1] AndroidManifest.xml:29:13-43
110            android:exported="false"
110-->[com.google.firebase:firebase-common:20.1.1] AndroidManifest.xml:30:13-37
111            android:initOrder="100" />
111-->[com.google.firebase:firebase-common:20.1.1] AndroidManifest.xml:31:13-36
112
113        <activity
113-->[com.google.android.gms:play-services-base:18.0.1] AndroidManifest.xml:20:9-22:45
114            android:name="com.google.android.gms.common.api.GoogleApiActivity"
114-->[com.google.android.gms:play-services-base:18.0.1] AndroidManifest.xml:20:19-85
115            android:exported="false"
115-->[com.google.android.gms:play-services-base:18.0.1] AndroidManifest.xml:22:19-43
116            android:theme="@android:style/Theme.Translucent.NoTitleBar" />
116-->[com.google.android.gms:play-services-base:18.0.1] AndroidManifest.xml:21:19-78
117
118        <meta-data
118-->[com.google.android.gms:play-services-basement:18.0.0] AndroidManifest.xml:21:9-23:69
119            android:name="com.google.android.gms.version"
119-->[com.google.android.gms:play-services-basement:18.0.0] AndroidManifest.xml:22:13-58
120            android:value="@integer/google_play_services_version" />
120-->[com.google.android.gms:play-services-basement:18.0.0] AndroidManifest.xml:23:13-66
121
122        <provider
122-->[androidx.emoji2:emoji2:1.0.0] AndroidManifest.xml:26:9-34:20
123            android:name="androidx.startup.InitializationProvider"
123-->[androidx.emoji2:emoji2:1.0.0] AndroidManifest.xml:27:13-67
124            android:authorities="com.example.googlelogin.androidx-startup"
124-->[androidx.emoji2:emoji2:1.0.0] AndroidManifest.xml:28:13-68
125            android:exported="false" >
125-->[androidx.emoji2:emoji2:1.0.0] AndroidManifest.xml:29:13-37
126            <meta-data
126-->[androidx.emoji2:emoji2:1.0.0] AndroidManifest.xml:31:13-33:52
127                android:name="androidx.emoji2.text.EmojiCompatInitializer"
127-->[androidx.emoji2:emoji2:1.0.0] AndroidManifest.xml:32:17-75
128                android:value="androidx.startup" />
128-->[androidx.emoji2:emoji2:1.0.0] AndroidManifest.xml:33:17-49
129            <meta-data
129-->[androidx.lifecycle:lifecycle-process:2.4.0] AndroidManifest.xml:31:13-33:52
130                android:name="androidx.lifecycle.ProcessLifecycleInitializer"
130-->[androidx.lifecycle:lifecycle-process:2.4.0] AndroidManifest.xml:32:17-78
131                android:value="androidx.startup" />
131-->[androidx.lifecycle:lifecycle-process:2.4.0] AndroidManifest.xml:33:17-49
132        </provider>
133    </application>
134
135</manifest>